{
  "stats": {
    "suites": 3,
    "tests": 3,
    "passes": 3,
    "pending": 0,
    "failures": 0,
    "start": "2017-09-24T08:48:33.956Z",
    "end": "2017-09-24T08:48:34.154Z",
    "duration": 198,
    "testsRegistered": 3,
    "passPercent": 100,
    "pendingPercent": 0,
    "other": 0,
    "hasOther": false,
    "skipped": 0,
    "hasSkipped": false,
    "passPercentClass": "success",
    "pendingPercentClass": "danger"
  },
  "suites": {
    "title": "",
    "suites": [
      {
        "title": "发布话题",
        "suites": [],
        "tests": [
          {
            "title": "发布话题",
            "fullTitle": "发布话题 发布话题",
            "timedOut": false,
            "duration": 114,
            "state": "passed",
            "speed": "slow",
            "pass": true,
            "fail": false,
            "pending": false,
            "code": "async function () {\n        console.log(baseurl+\"topics\")\n        let res = await axios.post(baseurl+\"topics\", {\n            accesstoken: \"756dc3ee-1303-4d0b-9454-16f9bdc5489d\",\n            title: \"2222222222222222222\",\n            tab: \"ask\",\n            content: \"3333333333333333\"\n        })\n        console.log(res.data.topic_id);\n        topicid = res.data.topic_id;\n        return assert.deepEqual(true, res.data.success)",
            "err": {},
            "isRoot": false,
            "uuid": "62839a82-c486-47ce-b5a5-1d4f2cee88aa",
            "parentUUID": "53bc83b8-d2ad-4f57-bbc6-21701d897739",
            "isHook": false,
            "skipped": false
          }
        ],
        "pending": [],
        "root": false,
        "_timeout": 2000,
        "file": "\\post.js",
        "uuid": "53bc83b8-d2ad-4f57-bbc6-21701d897739",
        "beforeHooks": [],
        "afterHooks": [],
        "fullFile": "D:\\AutoTest\\MyProject\\20170924project\\post.js",
        "passes": [
          {
            "title": "发布话题",
            "fullTitle": "发布话题 发布话题",
            "timedOut": false,
            "duration": 114,
            "state": "passed",
            "speed": "slow",
            "pass": true,
            "fail": false,
            "pending": false,
            "code": "async function () {\n        console.log(baseurl+\"topics\")\n        let res = await axios.post(baseurl+\"topics\", {\n            accesstoken: \"756dc3ee-1303-4d0b-9454-16f9bdc5489d\",\n            title: \"2222222222222222222\",\n            tab: \"ask\",\n            content: \"3333333333333333\"\n        })\n        console.log(res.data.topic_id);\n        topicid = res.data.topic_id;\n        return assert.deepEqual(true, res.data.success)",
            "err": {},
            "isRoot": false,
            "uuid": "62839a82-c486-47ce-b5a5-1d4f2cee88aa",
            "parentUUID": "53bc83b8-d2ad-4f57-bbc6-21701d897739",
            "isHook": false,
            "skipped": false
          }
        ],
        "failures": [],
        "skipped": [],
        "hasBeforeHooks": false,
        "hasAfterHooks": false,
        "hasTests": true,
        "hasSuites": false,
        "totalTests": 1,
        "totalPasses": 1,
        "totalFailures": 0,
        "totalPending": 0,
        "totalSkipped": 0,
        "hasPasses": true,
        "hasFailures": false,
        "hasPending": false,
        "hasSkipped": false,
        "duration": 114,
        "rootEmpty": false
      },
      {
        "title": "编辑主题",
        "suites": [],
        "tests": [
          {
            "title": "编辑主题",
            "fullTitle": "编辑主题 编辑主题",
            "timedOut": false,
            "duration": 25,
            "state": "passed",
            "speed": "fast",
            "pass": true,
            "fail": false,
            "pending": false,
            "code": "async function () {\n        console.log(baseurl+\"topics/update\")\n        await axios.post(baseurl+\"topics/update\", {\n            accesstoken: \"756dc3ee-1303-4d0b-9454-16f9bdc5489d\",\n            topic_id: topicid,\n            title: \"helloworld\",\n            tab: \"job\",\n            content: \"wwwwwwwwwwwwwwwwwwwww\"\n        })",
            "err": {},
            "isRoot": false,
            "uuid": "3b5c473f-396a-4dd8-b330-6a13e9528279",
            "parentUUID": "e97417ac-8525-41e0-9896-07bc250f313d",
            "isHook": false,
            "skipped": false
          }
        ],
        "pending": [],
        "root": false,
        "_timeout": 2000,
        "file": "\\post.js",
        "uuid": "e97417ac-8525-41e0-9896-07bc250f313d",
        "beforeHooks": [],
        "afterHooks": [],
        "fullFile": "D:\\AutoTest\\MyProject\\20170924project\\post.js",
        "passes": [
          {
            "title": "编辑主题",
            "fullTitle": "编辑主题 编辑主题",
            "timedOut": false,
            "duration": 25,
            "state": "passed",
            "speed": "fast",
            "pass": true,
            "fail": false,
            "pending": false,
            "code": "async function () {\n        console.log(baseurl+\"topics/update\")\n        await axios.post(baseurl+\"topics/update\", {\n            accesstoken: \"756dc3ee-1303-4d0b-9454-16f9bdc5489d\",\n            topic_id: topicid,\n            title: \"helloworld\",\n            tab: \"job\",\n            content: \"wwwwwwwwwwwwwwwwwwwww\"\n        })",
            "err": {},
            "isRoot": false,
            "uuid": "3b5c473f-396a-4dd8-b330-6a13e9528279",
            "parentUUID": "e97417ac-8525-41e0-9896-07bc250f313d",
            "isHook": false,
            "skipped": false
          }
        ],
        "failures": [],
        "skipped": [],
        "hasBeforeHooks": false,
        "hasAfterHooks": false,
        "hasTests": true,
        "hasSuites": false,
        "totalTests": 1,
        "totalPasses": 1,
        "totalFailures": 0,
        "totalPending": 0,
        "totalSkipped": 0,
        "hasPasses": true,
        "hasFailures": false,
        "hasPending": false,
        "hasSkipped": false,
        "duration": 25,
        "rootEmpty": false
      },
      {
        "title": "收藏主题",
        "suites": [],
        "tests": [
          {
            "title": "收藏主题",
            "fullTitle": "收藏主题 收藏主题",
            "timedOut": false,
            "duration": 28,
            "state": "passed",
            "speed": "fast",
            "pass": true,
            "fail": false,
            "pending": false,
            "code": "async function (){\n         console.log(baseurl+\"topic_collect/collect\")\n         await axios.post(baseurl+\"topic_collect/collect\",{\n             accesstoken:\"756dc3ee-1303-4d0b-9454-16f9bdc5489d\",\n             topic_id :\"59c7dd29e984fa2a068e1ba5\"\n         }\n         )",
            "err": {},
            "isRoot": false,
            "uuid": "5b8c3402-d80c-4159-b12d-58a95e6033c8",
            "parentUUID": "91262bb7-430e-44b3-8a48-35e4b911ffce",
            "isHook": false,
            "skipped": false
          }
        ],
        "pending": [],
        "root": false,
        "_timeout": 2000,
        "file": "\\post.js",
        "uuid": "91262bb7-430e-44b3-8a48-35e4b911ffce",
        "beforeHooks": [],
        "afterHooks": [],
        "fullFile": "D:\\AutoTest\\MyProject\\20170924project\\post.js",
        "passes": [
          {
            "title": "收藏主题",
            "fullTitle": "收藏主题 收藏主题",
            "timedOut": false,
            "duration": 28,
            "state": "passed",
            "speed": "fast",
            "pass": true,
            "fail": false,
            "pending": false,
            "code": "async function (){\n         console.log(baseurl+\"topic_collect/collect\")\n         await axios.post(baseurl+\"topic_collect/collect\",{\n             accesstoken:\"756dc3ee-1303-4d0b-9454-16f9bdc5489d\",\n             topic_id :\"59c7dd29e984fa2a068e1ba5\"\n         }\n         )",
            "err": {},
            "isRoot": false,
            "uuid": "5b8c3402-d80c-4159-b12d-58a95e6033c8",
            "parentUUID": "91262bb7-430e-44b3-8a48-35e4b911ffce",
            "isHook": false,
            "skipped": false
          }
        ],
        "failures": [],
        "skipped": [],
        "hasBeforeHooks": false,
        "hasAfterHooks": false,
        "hasTests": true,
        "hasSuites": false,
        "totalTests": 1,
        "totalPasses": 1,
        "totalFailures": 0,
        "totalPending": 0,
        "totalSkipped": 0,
        "hasPasses": true,
        "hasFailures": false,
        "hasPending": false,
        "hasSkipped": false,
        "duration": 28,
        "rootEmpty": false
      }
    ],
    "tests": [],
    "pending": [],
    "root": true,
    "_timeout": 2000,
    "uuid": "e1b37e17-b5f3-460e-a922-eeb6646613a5",
    "beforeHooks": [],
    "afterHooks": [],
    "fullFile": "",
    "file": "",
    "passes": [],
    "failures": [],
    "skipped": [],
    "hasBeforeHooks": false,
    "hasAfterHooks": false,
    "hasTests": false,
    "hasSuites": true,
    "totalTests": 0,
    "totalPasses": 0,
    "totalFailures": 0,
    "totalPending": 0,
    "totalSkipped": 0,
    "hasPasses": false,
    "hasFailures": false,
    "hasPending": false,
    "hasSkipped": false,
    "duration": 0,
    "rootEmpty": true
  },
  "allTests": [
    {
      "title": "发布话题",
      "fullTitle": "发布话题 发布话题",
      "timedOut": false,
      "duration": 114,
      "state": "passed",
      "speed": "slow",
      "pass": true,
      "fail": false,
      "pending": false,
      "code": "async function () {\n        console.log(baseurl+\"topics\")\n        let res = await axios.post(baseurl+\"topics\", {\n            accesstoken: \"756dc3ee-1303-4d0b-9454-16f9bdc5489d\",\n            title: \"2222222222222222222\",\n            tab: \"ask\",\n            content: \"3333333333333333\"\n        })\n        console.log(res.data.topic_id);\n        topicid = res.data.topic_id;\n        return assert.deepEqual(true, res.data.success)",
      "err": {},
      "isRoot": false,
      "uuid": "62839a82-c486-47ce-b5a5-1d4f2cee88aa",
      "parentUUID": "53bc83b8-d2ad-4f57-bbc6-21701d897739",
      "isHook": false,
      "skipped": false
    },
    {
      "title": "编辑主题",
      "fullTitle": "编辑主题 编辑主题",
      "timedOut": false,
      "duration": 25,
      "state": "passed",
      "speed": "fast",
      "pass": true,
      "fail": false,
      "pending": false,
      "code": "async function () {\n        console.log(baseurl+\"topics/update\")\n        await axios.post(baseurl+\"topics/update\", {\n            accesstoken: \"756dc3ee-1303-4d0b-9454-16f9bdc5489d\",\n            topic_id: topicid,\n            title: \"helloworld\",\n            tab: \"job\",\n            content: \"wwwwwwwwwwwwwwwwwwwww\"\n        })",
      "err": {},
      "isRoot": false,
      "uuid": "3b5c473f-396a-4dd8-b330-6a13e9528279",
      "parentUUID": "e97417ac-8525-41e0-9896-07bc250f313d",
      "isHook": false,
      "skipped": false
    },
    {
      "title": "收藏主题",
      "fullTitle": "收藏主题 收藏主题",
      "timedOut": false,
      "duration": 28,
      "state": "passed",
      "speed": "fast",
      "pass": true,
      "fail": false,
      "pending": false,
      "code": "async function (){\n         console.log(baseurl+\"topic_collect/collect\")\n         await axios.post(baseurl+\"topic_collect/collect\",{\n             accesstoken:\"756dc3ee-1303-4d0b-9454-16f9bdc5489d\",\n             topic_id :\"59c7dd29e984fa2a068e1ba5\"\n         }\n         )",
      "err": {},
      "isRoot": false,
      "uuid": "5b8c3402-d80c-4159-b12d-58a95e6033c8",
      "parentUUID": "91262bb7-430e-44b3-8a48-35e4b911ffce",
      "isHook": false,
      "skipped": false
    }
  ],
  "allPending": [],
  "allPasses": [
    {
      "title": "发布话题",
      "fullTitle": "发布话题 发布话题",
      "timedOut": false,
      "duration": 114,
      "state": "passed",
      "speed": "slow",
      "pass": true,
      "fail": false,
      "pending": false,
      "code": "async function () {\n        console.log(baseurl+\"topics\")\n        let res = await axios.post(baseurl+\"topics\", {\n            accesstoken: \"756dc3ee-1303-4d0b-9454-16f9bdc5489d\",\n            title: \"2222222222222222222\",\n            tab: \"ask\",\n            content: \"3333333333333333\"\n        })\n        console.log(res.data.topic_id);\n        topicid = res.data.topic_id;\n        return assert.deepEqual(true, res.data.success)",
      "err": {},
      "isRoot": false,
      "uuid": "62839a82-c486-47ce-b5a5-1d4f2cee88aa",
      "parentUUID": "53bc83b8-d2ad-4f57-bbc6-21701d897739",
      "isHook": false,
      "skipped": false
    },
    {
      "title": "编辑主题",
      "fullTitle": "编辑主题 编辑主题",
      "timedOut": false,
      "duration": 25,
      "state": "passed",
      "speed": "fast",
      "pass": true,
      "fail": false,
      "pending": false,
      "code": "async function () {\n        console.log(baseurl+\"topics/update\")\n        await axios.post(baseurl+\"topics/update\", {\n            accesstoken: \"756dc3ee-1303-4d0b-9454-16f9bdc5489d\",\n            topic_id: topicid,\n            title: \"helloworld\",\n            tab: \"job\",\n            content: \"wwwwwwwwwwwwwwwwwwwww\"\n        })",
      "err": {},
      "isRoot": false,
      "uuid": "3b5c473f-396a-4dd8-b330-6a13e9528279",
      "parentUUID": "e97417ac-8525-41e0-9896-07bc250f313d",
      "isHook": false,
      "skipped": false
    },
    {
      "title": "收藏主题",
      "fullTitle": "收藏主题 收藏主题",
      "timedOut": false,
      "duration": 28,
      "state": "passed",
      "speed": "fast",
      "pass": true,
      "fail": false,
      "pending": false,
      "code": "async function (){\n         console.log(baseurl+\"topic_collect/collect\")\n         await axios.post(baseurl+\"topic_collect/collect\",{\n             accesstoken:\"756dc3ee-1303-4d0b-9454-16f9bdc5489d\",\n             topic_id :\"59c7dd29e984fa2a068e1ba5\"\n         }\n         )",
      "err": {},
      "isRoot": false,
      "uuid": "5b8c3402-d80c-4159-b12d-58a95e6033c8",
      "parentUUID": "91262bb7-430e-44b3-8a48-35e4b911ffce",
      "isHook": false,
      "skipped": false
    }
  ],
  "allFailures": [],
  "copyrightYear": 2017
}